# Hot Dust-obscured AGN
#     id       tau_V     f_{pol,e}    f_{pol,s}   f_{pol,e+s}
       0      0.00000  0.000170600  9.77400e-06  0.000180374
       1     0.250000     0.293600    0.0223200     0.315920
       2     0.500000     0.442400    0.0423000     0.484700
       3     0.750000     0.527500    0.0611800     0.588680
       4      1.00000     0.579200    0.0793900     0.658590
       5      1.25000     0.611400    0.0970900     0.708490
       6      1.50000     0.631500     0.114400     0.745900
       7      1.75000     0.643500     0.131200     0.774700
       8      2.00000     0.650100     0.147700     0.797800
       9      2.25000     0.652900     0.163700     0.816600
      10      2.50000     0.652900     0.179300     0.832200
      11      2.75000     0.651100     0.194500     0.845600
      12      3.00000     0.647800     0.209200     0.857000
      13      3.25000     0.643600     0.223500     0.867100
      14      3.50000     0.638700     0.237300     0.876000
      15      3.75000     0.633300     0.250700     0.884000
      16      4.00000     0.627600     0.263600     0.891200
      17      4.25000     0.621700     0.276000     0.897700
      18      4.50000     0.615700     0.288000     0.903700
      19      4.75000     0.609700     0.299600     0.909300
      20      5.00000     0.603700     0.310700     0.914400
      21      5.25000     0.597800     0.321400     0.919200
      22      5.50000     0.592000     0.331700     0.923700
      23      5.75000     0.586300     0.341600     0.927900
      24      6.00000     0.580700     0.351100     0.931800
      25      6.25000     0.575200     0.360200     0.935400
      26      6.50000     0.570000     0.369000     0.939000
      27      6.75000     0.564800     0.377400     0.942200
      28      7.00000     0.559800     0.385500     0.945300
      29      7.25000     0.555000     0.393300     0.948300
      30      7.50000     0.550300     0.400800     0.951100
      31      7.75000     0.545700     0.408100     0.953800
      32      8.00000     0.541300     0.415000     0.956300
      33      8.25000     0.537000     0.421700     0.958700
      34      8.50000     0.532800     0.428100     0.960900
      35      8.75000     0.528700     0.434300     0.963000
      36      9.00000     0.524500     0.440400     0.964900
      37      9.25000     0.520600     0.446200     0.966800
      38      9.50000     0.516800     0.451800     0.968600
      39      9.75000     0.513100     0.457200     0.970300
      40      10.0000     0.509400     0.462400     0.971800
