# Hot Dust-deficient AGN 
#     id       tau_V     f_{pol,e}    f_{pol,s}   f_{pol,e+s}
       0      0.00000  0.000267800  9.63700e-06  0.000277437
       1     0.250000     0.395700    0.0230400     0.418740
       2     0.500000     0.553500    0.0447000     0.598200
       3     0.750000     0.631500    0.0653800     0.696880
       4      1.00000     0.673600    0.0852500     0.758850
       5      1.25000     0.696800     0.104400     0.801200
       6      1.50000     0.708800     0.122800     0.831600
       7      1.75000     0.714000     0.140600     0.854600
       8      2.00000     0.714600     0.157900     0.872500
       9      2.25000     0.712300     0.174400     0.886700
      10      2.50000     0.707900     0.190400     0.898300
      11      2.75000     0.702000     0.205900     0.907900
      12      3.00000     0.695200     0.220900     0.916100
      13      3.25000     0.687400     0.235800     0.923200
      14      3.50000     0.678800     0.246000     0.924800
      15      3.75000     0.670500     0.259500     0.930000
      16      4.00000     0.661900     0.272500     0.934400
      17      4.25000     0.653200     0.285100     0.938300
      18      4.50000     0.644500     0.297400     0.941900
      19      4.75000     0.635800     0.309300     0.945100
      20      5.00000     0.627100     0.320800     0.947900
      21      5.25000     0.618500     0.332000     0.950500
      22      5.50000     0.610000     0.342800     0.952800
      23      5.75000     0.601600     0.353300     0.954900
      24      6.00000     0.593400     0.363600     0.957000
      25      6.25000     0.585300     0.373500     0.958800
      26      6.50000     0.577200     0.383300     0.960500
      27      6.75000     0.569400     0.392700     0.962100
      28      7.00000     0.561800     0.401800     0.963600
      29      7.25000     0.554300     0.410700     0.965000
      30      7.50000     0.546900     0.419300     0.966200
      31      7.75000     0.539700     0.427700     0.967400
      32      8.00000     0.532700     0.435900     0.968600
      33      8.25000     0.525800     0.443900     0.969700
      34      8.50000     0.519100     0.451600     0.970700
      35      8.75000     0.512500     0.459200     0.971700
      36      9.00000     0.506100     0.466600     0.972700
      37      9.25000     0.499800     0.473700     0.973500
      38      9.50000     0.493800     0.480300     0.974100
      39      9.75000     0.487800     0.487200     0.975000
      40      10.0000     0.481800     0.493900     0.975700
