# Normal AGN library
#     id       tau_V     f_{pol,e}    f_{pol,s}   f_{pol,e+s}
       0      0.00000  8.43200e-05  9.63700e-06  9.39570e-05
       1     0.250000     0.172400    0.0233700     0.195770
       2     0.500000     0.288800    0.0454600     0.334260
       3     0.750000     0.370000    0.0665100     0.436510
       4      1.00000     0.427900    0.0866300     0.514530
       5      1.25000     0.469600     0.105900     0.575500
       6      1.50000     0.499900     0.124500     0.624400
       7      1.75000     0.521800     0.142400     0.664200
       8      2.00000     0.537600     0.159600     0.697200
       9      2.25000     0.548700     0.176300     0.725000
      10      2.50000     0.556200     0.192400     0.748600
      11      2.75000     0.561000     0.207900     0.768900
      12      3.00000     0.563700     0.222900     0.786600
      13      3.25000     0.564600     0.237400     0.802000
      14      3.50000     0.564300     0.251500     0.815800
      15      3.75000     0.562900     0.265100     0.828000
      16      4.00000     0.560600     0.278200     0.838800
      17      4.25000     0.551000     0.287500     0.838500
      18      4.50000     0.547400     0.299600     0.847000
      19      4.75000     0.543300     0.311400     0.854700
      20      5.00000     0.538900     0.322800     0.861700
      21      5.25000     0.534200     0.333900     0.868100
      22      5.50000     0.529400     0.344700     0.874100
      23      5.75000     0.524400     0.355100     0.879500
      24      6.00000     0.519300     0.365300     0.884600
      25      6.25000     0.514200     0.375100     0.889300
      26      6.50000     0.509100     0.384700     0.893800
      27      6.75000     0.503800     0.394100     0.897900
      28      7.00000     0.498700     0.403200     0.901900
      29      7.25000     0.493500     0.411900     0.905400
      30      7.50000     0.488400     0.420500     0.908900
      31      7.75000     0.483300     0.428800     0.912100
      32      8.00000     0.478300     0.436900     0.915200
      33      8.25000     0.473300     0.444700     0.918000
      34      8.50000     0.468400     0.452400     0.920800
      35      8.75000     0.463500     0.459900     0.923400
      36      9.00000     0.458700     0.467100     0.925800
      37      9.25000     0.454000     0.474200     0.928200
      38      9.50000     0.449400     0.481100     0.930500
      39      9.75000     0.444900     0.487800     0.932700
      40      10.0000     0.440400     0.494300     0.934700
