# Warm Dust-deficient AGN
#     id       tau_V     f_{pol,e}    f_{pol,s}   f_{pol,e+s}
       0      0.00000  0.000157400  9.63700e-06  0.000167037
       1     0.250000     0.279100    0.0232100     0.302310
       2     0.500000     0.427300    0.0450600     0.472360
       3     0.750000     0.514400    0.0658800     0.580280
       4      1.00000     0.568400    0.0858400     0.654240
       5      1.25000     0.602800     0.105000     0.707800
       6      1.50000     0.624700     0.123500     0.748200
       7      1.75000     0.638200     0.141300     0.779500
       8      2.00000     0.646100     0.158500     0.804600
       9      2.25000     0.649800     0.175100     0.824900
      10      2.50000     0.650700     0.191000     0.841700
      11      2.75000     0.649500     0.206500     0.856000
      12      3.00000     0.646500     0.221700     0.868200
      13      3.25000     0.642400     0.236300     0.878700
      14      3.50000     0.637500     0.250400     0.887900
      15      3.75000     0.631900     0.264000     0.895900
      16      4.00000     0.623000     0.273100     0.896100
      17      4.25000     0.616600     0.285700     0.902300
      18      4.50000     0.609800     0.297900     0.907700
      19      4.75000     0.602900     0.309700     0.912600
      20      5.00000     0.595900     0.321200     0.917100
      21      5.25000     0.588800     0.332300     0.921100
      22      5.50000     0.581700     0.343100     0.924800
      23      5.75000     0.574600     0.353600     0.928200
      24      6.00000     0.567600     0.363800     0.931400
      25      6.25000     0.560600     0.373600     0.934200
      26      6.50000     0.553700     0.383200     0.936900
      27      6.75000     0.546800     0.392700     0.939500
      28      7.00000     0.540100     0.401800     0.941900
      29      7.25000     0.533500     0.410600     0.944100
      30      7.50000     0.526900     0.419200     0.946100
      31      7.75000     0.520500     0.427600     0.948100
      32      8.00000     0.514200     0.435700     0.949900
      33      8.25000     0.508100     0.443600     0.951700
      34      8.50000     0.502000     0.451300     0.953300
      35      8.75000     0.496100     0.458800     0.954900
      36      9.00000     0.490200     0.466100     0.956300
      37      9.25000     0.484500     0.473200     0.957700
      38      9.50000     0.478900     0.480200     0.959100
      39      9.75000     0.473500     0.486900     0.960400
      40      10.0000     0.468100     0.493500     0.961600
